[2025-08-02T04:32:27.826Z] LOG: Logger initialized. Application starting...
[2025-08-02T04:32:27.842Z] LOG: TUIApp.start() called.
[2025-08-02T04:32:27.842Z] LOG: TUIApp.initialize() called.
[2025-08-02T04:32:27.863Z] LOG: TaskListScreen constructor called.
[2025-08-02T04:32:27.866Z] LOG: StatusBar constructor called for screen: TaskListScreen
[2025-08-02T04:32:27.866Z] LOG: StatusBar.updateDisplay called.
[2025-08-02T04:32:27.868Z] LOG: TaskDetailScreen constructor called.
[2025-08-02T04:32:27.870Z] LOG: StatusBar constructor called for screen: TaskDetailScreen
[2025-08-02T04:32:27.870Z] LOG: StatusBar.updateDisplay called.
[2025-08-02T04:32:27.871Z] LOG: TUIApp.loadTasks() called.
[2025-08-02T04:32:27.872Z] LOG: TaskListScreen.show() called.
[2025-08-02T04:32:27.872Z] LOG: TaskListScreen.updateDisplay() called.
[2025-08-02T04:32:27.872Z] LOG: StatusBar.updateDisplay called.
[2025-08-02T04:32:27.873Z] LOG: StatusBar.setSecondLine called with text: "Placeholder: Task List View - Second Line"
[2025-08-02T04:32:27.873Z] LOG: StatusBar.updateDisplay called.
[2025-08-02T04:32:34.383Z] LOG: TUIApp.cleanup() called.
[2025-08-02T04:32:34.389Z] LOG: Screen destroyed successfully.
[2025-08-02T04:32:34.389Z] LOG: TUIApp.cleanup() finished.
[2025-08-02T05:44:09.141Z] LOG: TaskDetailScreen.updateDisplay() called.
[2025-08-02T05:44:09.856Z] LOG: TaskDetailScreen.updateDisplay() called.
[2025-08-02T06:27:47.159Z] LOG: TaskDetailScreen.updateDisplay() called.
[2025-08-02T06:27:47.895Z] LOG: TaskDetailScreen.updateDisplay() called.
